<?xml version="1.0" encoding="UTF-8"?>
<!-- Generated by org.testng.reporters.JUnitXMLReporter -->
<testsuite hostname="KRK1-LDL-P90132" ignored="0" name="Surefire test" tests="2" failures="0" timestamp="10 Dec 2019 21:38:52 GMT" time="50.561" errors="0">
  <testcase name="createLeadTest" time="12.785" classname="com.futuresimple.app.testcases.LoginPageTest"/>
  <testcase name="changeLeadStatusInSettings" time="22.892" classname="com.futuresimple.app.testcases.LoginPageTest"/>
</testsuite> <!-- Surefire test -->
