<?xml version="1.0" encoding="UTF-8"?>
<testng-results skipped="0" failed="0" ignored="0" total="2" passed="2">
  <reporter-output>
  </reporter-output>
  <suite name="Surefire suite" duration-ms="50561" started-at="2019-12-10T21:38:01Z" finished-at="2019-12-10T21:38:52Z">
    <groups>
    </groups>
    <test name="Surefire test" duration-ms="50561" started-at="2019-12-10T21:38:01Z" finished-at="2019-12-10T21:38:52Z">
      <class name="com.futuresimple.app.testcases.LoginPageTest">
        <test-method status="PASS" signature="setUp()[pri:0, instance:com.futuresimple.app.testcases.LoginPageTest@6aaa5eb0]" name="setUp" is-config="true" duration-ms="7879" started-at="2019-12-10T21:38:01Z" finished-at="2019-12-10T21:38:09Z">
          <reporter-output>
          </reporter-output>
        </test-method> <!-- setUp -->
        <test-method status="PASS" signature="createLeadTest()[pri:1, instance:com.futuresimple.app.testcases.LoginPageTest@6aaa5eb0]" name="createLeadTest" duration-ms="12785" started-at="2019-12-10T21:38:09Z" finished-at="2019-12-10T21:38:22Z">
          <reporter-output>
          </reporter-output>
        </test-method> <!-- createLeadTest -->
        <test-method status="PASS" signature="setUp()[pri:0, instance:com.futuresimple.app.testcases.LoginPageTest@6aaa5eb0]" name="setUp" is-config="true" duration-ms="6981" started-at="2019-12-10T21:38:22Z" finished-at="2019-12-10T21:38:29Z">
          <reporter-output>
          </reporter-output>
        </test-method> <!-- setUp -->
        <test-method status="PASS" signature="changeLeadStatusInSettings()[pri:2, instance:com.futuresimple.app.testcases.LoginPageTest@6aaa5eb0]" name="changeLeadStatusInSettings" duration-ms="22892" started-at="2019-12-10T21:38:29Z" finished-at="2019-12-10T21:38:52Z">
          <reporter-output>
          </reporter-output>
        </test-method> <!-- changeLeadStatusInSettings -->
      </class> <!-- com.futuresimple.app.testcases.LoginPageTest -->
    </test> <!-- Surefire test -->
  </suite> <!-- Surefire suite -->
</testng-results>
